---------- Date: 2014-09-04 11:44:03 ~ IP : 58.187.134.199 ----------
REQUEST URI : /start/2/
MOD DETAILS:
   modFile   : /home/kladmin/public_html/demo.kulerthemes/start/2/vqmod/xml/vqmod_kuler.xml
   id        : KulerThemes
   version   : 
   vqmver    : 
   author    : kulerthemes.com

File Name    : catalog/controller/module/kuler_cp.php(0)
VQModObject::applyMod - SEARCH NOT FOUND (ABORTING MOD): $this->overrideResponse();

----------------------------------------------------------------------


---------- Date: 2014-09-04 11:44:11 ~ IP : 58.187.134.199 ----------
REQUEST URI : /start/2/
MOD DETAILS:
   modFile   : /home/kladmin/public_html/demo.kulerthemes/start/2/vqmod/xml/vqmod_kuler.xml
   id        : KulerThemes
   version   : 
   vqmver    : 
   author    : kulerthemes.com

File Name    : catalog/controller/module/kuler_cp.php(0)
VQModObject::applyMod - SEARCH NOT FOUND (ABORTING MOD): $this->overrideResponse();

----------------------------------------------------------------------


---------- Date: 2014-09-04 11:44:23 ~ IP : 58.187.134.199 ----------
REQUEST URI : /start/2/index.php?route=product/product&amp;product_id=86
MOD DETAILS:
   modFile   : /home/kladmin/public_html/demo.kulerthemes/start/2/vqmod/xml/vqmod_kuler.xml
   id        : KulerThemes
   version   : 
   vqmver    : 
   author    : kulerthemes.com

File Name    : catalog/controller/module/kuler_cp.php(0)
VQModObject::applyMod - SEARCH NOT FOUND (ABORTING MOD): $this->overrideResponse();

----------------------------------------------------------------------


---------- Date: 2014-09-04 11:44:25 ~ IP : 58.187.134.199 ----------
REQUEST URI : /start/2/index.php?route=product/product/review&amp;product_id=86
MOD DETAILS:
   modFile   : /home/kladmin/public_html/demo.kulerthemes/start/2/vqmod/xml/vqmod_kuler.xml
   id        : KulerThemes
   version   : 
   vqmver    : 
   author    : kulerthemes.com

File Name    : catalog/controller/module/kuler_cp.php(0)
VQModObject::applyMod - SEARCH NOT FOUND (ABORTING MOD): $this->overrideResponse();

----------------------------------------------------------------------


---------- Date: 2014-09-04 11:44:26 ~ IP : 58.187.134.199 ----------
REQUEST URI : /start/2/index.php?route=product/product/captcha
MOD DETAILS:
   modFile   : /home/kladmin/public_html/demo.kulerthemes/start/2/vqmod/xml/vqmod_kuler.xml
   id        : KulerThemes
   version   : 
   vqmver    : 
   author    : kulerthemes.com

File Name    : catalog/controller/module/kuler_cp.php(0)
VQModObject::applyMod - SEARCH NOT FOUND (ABORTING MOD): $this->overrideResponse();

----------------------------------------------------------------------


---------- Date: 2014-09-04 11:48:59 ~ IP : 144.136.208.52 ----------
REQUEST URI : /start/2/index.php?route=common/home
MOD DETAILS:
   modFile   : /home/kladmin/public_html/demo.kulerthemes/start/2/vqmod/xml/vqmod_kuler.xml
   id        : KulerThemes
   version   : 
   vqmver    : 
   author    : kulerthemes.com

File Name    : catalog/controller/module/kuler_cp.php(0)
VQModObject::applyMod - SEARCH NOT FOUND (ABORTING MOD): $this->overrideResponse();

----------------------------------------------------------------------


---------- Date: 2014-09-04 11:50:23 ~ IP : 178.22.55.250 ----------
REQUEST URI : /start/2/index.php?route=common/home
MOD DETAILS:
   modFile   : /home/kladmin/public_html/demo.kulerthemes/start/2/vqmod/xml/vqmod_kuler.xml
   id        : KulerThemes
   version   : 
   vqmver    : 
   author    : kulerthemes.com

File Name    : catalog/controller/module/kuler_cp.php(0)
VQModObject::applyMod - SEARCH NOT FOUND (ABORTING MOD): $this->overrideResponse();

----------------------------------------------------------------------


---------- Date: 2014-09-04 12:06:10 ~ IP : 88.73.113.222 ----------
REQUEST URI : /start/2/index.php?route=common/home
MOD DETAILS:
   modFile   : /home/kladmin/public_html/demo.kulerthemes/start/2/vqmod/xml/vqmod_kuler.xml
   id        : KulerThemes
   version   : 
   vqmver    : 
   author    : kulerthemes.com

File Name    : catalog/controller/module/kuler_cp.php(0)
VQModObject::applyMod - SEARCH NOT FOUND (ABORTING MOD): $this->overrideResponse();

----------------------------------------------------------------------


---------- Date: 2014-09-04 12:10:48 ~ IP : 78.75.112.222 ----------
REQUEST URI : /start/2/index.php?route=information/information&amp;information_id=4
MOD DETAILS:
   modFile   : /home/kladmin/public_html/demo.kulerthemes/start/2/vqmod/xml/vqmod_kuler.xml
   id        : KulerThemes
   version   : 
   vqmver    : 
   author    : kulerthemes.com

File Name    : catalog/controller/module/kuler_cp.php(0)
VQModObject::applyMod - SEARCH NOT FOUND (ABORTING MOD): $this->overrideResponse();

----------------------------------------------------------------------


---------- Date: 2014-09-04 12:11:55 ~ IP : 78.75.112.222 ----------
REQUEST URI : /start/2/index.php?route=information/information&amp;information_id=6
MOD DETAILS:
   modFile   : /home/kladmin/public_html/demo.kulerthemes/start/2/vqmod/xml/vqmod_kuler.xml
   id        : KulerThemes
   version   : 
   vqmver    : 
   author    : kulerthemes.com

File Name    : catalog/controller/module/kuler_cp.php(0)
VQModObject::applyMod - SEARCH NOT FOUND (ABORTING MOD): $this->overrideResponse();

----------------------------------------------------------------------


---------- Date: 2014-09-04 12:12:08 ~ IP : 78.75.112.222 ----------
REQUEST URI : /start/2/index.php?route=common/home
MOD DETAILS:
   modFile   : /home/kladmin/public_html/demo.kulerthemes/start/2/vqmod/xml/vqmod_kuler.xml
   id        : KulerThemes
   version   : 
   vqmver    : 
   author    : kulerthemes.com

File Name    : catalog/controller/module/kuler_cp.php(0)
VQModObject::applyMod - SEARCH NOT FOUND (ABORTING MOD): $this->overrideResponse();

----------------------------------------------------------------------


---------- Date: 2014-09-04 12:12:18 ~ IP : 78.75.112.222 ----------
REQUEST URI : /start/2/index.php?route=information/information&amp;information_id=4
MOD DETAILS:
   modFile   : /home/kladmin/public_html/demo.kulerthemes/start/2/vqmod/xml/vqmod_kuler.xml
   id        : KulerThemes
   version   : 
   vqmver    : 
   author    : kulerthemes.com

File Name    : catalog/controller/module/kuler_cp.php(0)
VQModObject::applyMod - SEARCH NOT FOUND (ABORTING MOD): $this->overrideResponse();

----------------------------------------------------------------------


---------- Date: 2014-09-04 12:23:24 ~ IP : 154.69.175.173 ----------
REQUEST URI : /start/2/index.php?route=common/home
MOD DETAILS:
   modFile   : /home/kladmin/public_html/demo.kulerthemes/start/2/vqmod/xml/vqmod_kuler.xml
   id        : KulerThemes
   version   : 
   vqmver    : 
   author    : kulerthemes.com

File Name    : catalog/controller/module/kuler_cp.php(0)
VQModObject::applyMod - SEARCH NOT FOUND (ABORTING MOD): $this->overrideResponse();

----------------------------------------------------------------------


---------- Date: 2014-09-04 12:43:15 ~ IP : 85.64.139.1 ----------
REQUEST URI : /start/2/index.php?route=common/home
MOD DETAILS:
   modFile   : /home/kladmin/public_html/demo.kulerthemes/start/2/vqmod/xml/vqmod_kuler.xml
   id        : KulerThemes
   version   : 
   vqmver    : 
   author    : kulerthemes.com

File Name    : catalog/controller/module/kuler_cp.php(0)
VQModObject::applyMod - SEARCH NOT FOUND (ABORTING MOD): $this->overrideResponse();

----------------------------------------------------------------------


---------- Date: 2014-09-04 13:04:35 ~ IP : 78.75.112.222 ----------
REQUEST URI : /start/2/index.php?route=common/home
MOD DETAILS:
   modFile   : /home/kladmin/public_html/demo.kulerthemes/start/2/vqmod/xml/vqmod_kuler.xml
   id        : KulerThemes
   version   : 
   vqmver    : 
   author    : kulerthemes.com

File Name    : catalog/controller/module/kuler_cp.php(0)
VQModObject::applyMod - SEARCH NOT FOUND (ABORTING MOD): $this->overrideResponse();

----------------------------------------------------------------------


---------- Date: 2014-09-04 13:11:47 ~ IP : 95.9.242.26 ----------
REQUEST URI : /start/2/index.php?route=common/home
MOD DETAILS:
   modFile   : /home/kladmin/public_html/demo.kulerthemes/start/2/vqmod/xml/vqmod_kuler.xml
   id        : KulerThemes
   version   : 
   vqmver    : 
   author    : kulerthemes.com

File Name    : catalog/controller/module/kuler_cp.php(0)
VQModObject::applyMod - SEARCH NOT FOUND (ABORTING MOD): $this->overrideResponse();

----------------------------------------------------------------------


---------- Date: 2014-09-04 13:13:38 ~ IP : 95.9.242.26 ----------
REQUEST URI : /start/2/index.php?route=common/home
MOD DETAILS:
   modFile   : /home/kladmin/public_html/demo.kulerthemes/start/2/vqmod/xml/vqmod_kuler.xml
   id        : KulerThemes
   version   : 
   vqmver    : 
   author    : kulerthemes.com

File Name    : catalog/controller/module/kuler_cp.php(0)
VQModObject::applyMod - SEARCH NOT FOUND (ABORTING MOD): $this->overrideResponse();

----------------------------------------------------------------------


---------- Date: 2014-09-04 13:33:36 ~ IP : 193.92.70.202 ----------
REQUEST URI : /start/2/index.php?route=common/home
MOD DETAILS:
   modFile   : /home/kladmin/public_html/demo.kulerthemes/start/2/vqmod/xml/vqmod_kuler.xml
   id        : KulerThemes
   version   : 
   vqmver    : 
   author    : kulerthemes.com

File Name    : catalog/controller/module/kuler_cp.php(0)
VQModObject::applyMod - SEARCH NOT FOUND (ABORTING MOD): $this->overrideResponse();

----------------------------------------------------------------------


---------- Date: 2014-09-04 13:36:58 ~ IP : 131.211.196.237 ----------
REQUEST URI : /start/2/index.php?route=common/home
MOD DETAILS:
   modFile   : /home/kladmin/public_html/demo.kulerthemes/start/2/vqmod/xml/vqmod_kuler.xml
   id        : KulerThemes
   version   : 
   vqmver    : 
   author    : kulerthemes.com

File Name    : catalog/controller/module/kuler_cp.php(0)
VQModObject::applyMod - SEARCH NOT FOUND (ABORTING MOD): $this->overrideResponse();

----------------------------------------------------------------------


---------- Date: 2014-09-04 13:39:08 ~ IP : 66.220.158.119 ----------
REQUEST URI : /start/2/index.php?route=common/home
MOD DETAILS:
   modFile   : /home/kladmin/public_html/demo.kulerthemes/start/2/vqmod/xml/vqmod_kuler.xml
   id        : KulerThemes
   version   : 
   vqmver    : 
   author    : kulerthemes.com

File Name    : catalog/controller/module/kuler_cp.php(0)
VQModObject::applyMod - SEARCH NOT FOUND (ABORTING MOD): $this->overrideResponse();

----------------------------------------------------------------------


---------- Date: 2014-09-04 13:39:10 ~ IP : 131.211.196.237 ----------
REQUEST URI : /start/2/index.php?route=common/home
MOD DETAILS:
   modFile   : /home/kladmin/public_html/demo.kulerthemes/start/2/vqmod/xml/vqmod_kuler.xml
   id        : KulerThemes
   version   : 
   vqmver    : 
   author    : kulerthemes.com

File Name    : catalog/controller/module/kuler_cp.php(0)
VQModObject::applyMod - SEARCH NOT FOUND (ABORTING MOD): $this->overrideResponse();

----------------------------------------------------------------------


---------- Date: 2014-09-04 13:39:45 ~ IP : 131.211.196.237 ----------
REQUEST URI : /start/2/index.php?route=module/cart
MOD DETAILS:
   modFile   : /home/kladmin/public_html/demo.kulerthemes/start/2/vqmod/xml/vqmod_kuler.xml
   id        : KulerThemes
   version   : 
   vqmver    : 
   author    : kulerthemes.com

File Name    : catalog/controller/module/kuler_cp.php(0)
VQModObject::applyMod - SEARCH NOT FOUND (ABORTING MOD): $this->overrideResponse();

----------------------------------------------------------------------


---------- Date: 2014-09-04 13:39:47 ~ IP : 131.211.196.237 ----------
REQUEST URI : /start/2/index.php?route=module/cart
MOD DETAILS:
   modFile   : /home/kladmin/public_html/demo.kulerthemes/start/2/vqmod/xml/vqmod_kuler.xml
   id        : KulerThemes
   version   : 
   vqmver    : 
   author    : kulerthemes.com

File Name    : catalog/controller/module/kuler_cp.php(0)
VQModObject::applyMod - SEARCH NOT FOUND (ABORTING MOD): $this->overrideResponse();

----------------------------------------------------------------------


---------- Date: 2014-09-04 13:39:47 ~ IP : 131.211.196.237 ----------
REQUEST URI : /start/2/index.php?route=module/cart
MOD DETAILS:
   modFile   : /home/kladmin/public_html/demo.kulerthemes/start/2/vqmod/xml/vqmod_kuler.xml
   id        : KulerThemes
   version   : 
   vqmver    : 
   author    : kulerthemes.com

File Name    : catalog/controller/module/kuler_cp.php(0)
VQModObject::applyMod - SEARCH NOT FOUND (ABORTING MOD): $this->overrideResponse();

----------------------------------------------------------------------


---------- Date: 2014-09-04 13:39:51 ~ IP : 131.211.196.237 ----------
REQUEST URI : /start/2/index.php?route=checkout/cart/add
MOD DETAILS:
   modFile   : /home/kladmin/public_html/demo.kulerthemes/start/2/vqmod/xml/vqmod_kuler.xml
   id        : KulerThemes
   version   : 
   vqmver    : 
   author    : kulerthemes.com

File Name    : catalog/controller/module/kuler_cp.php(0)
VQModObject::applyMod - SEARCH NOT FOUND (ABORTING MOD): $this->overrideResponse();

----------------------------------------------------------------------


---------- Date: 2014-09-04 13:39:58 ~ IP : 131.211.196.237 ----------
REQUEST URI : /start/2/index.php?route=module/cart
MOD DETAILS:
   modFile   : /home/kladmin/public_html/demo.kulerthemes/start/2/vqmod/xml/vqmod_kuler.xml
   id        : KulerThemes
   version   : 
   vqmver    : 
   author    : kulerthemes.com

File Name    : catalog/controller/module/kuler_cp.php(0)
VQModObject::applyMod - SEARCH NOT FOUND (ABORTING MOD): $this->overrideResponse();

----------------------------------------------------------------------


---------- Date: 2014-09-04 13:40:02 ~ IP : 131.211.196.237 ----------
REQUEST URI : /start/2/index.php?route=checkout/checkout
MOD DETAILS:
   modFile   : /home/kladmin/public_html/demo.kulerthemes/start/2/vqmod/xml/vqmod_kuler.xml
   id        : KulerThemes
   version   : 
   vqmver    : 
   author    : kulerthemes.com

File Name    : catalog/controller/module/kuler_cp.php(0)
VQModObject::applyMod - SEARCH NOT FOUND (ABORTING MOD): $this->overrideResponse();

----------------------------------------------------------------------


---------- Date: 2014-09-04 13:40:03 ~ IP : 131.211.196.237 ----------
REQUEST URI : /start/2/index.php?route=checkout/cart
MOD DETAILS:
   modFile   : /home/kladmin/public_html/demo.kulerthemes/start/2/vqmod/xml/vqmod_kuler.xml
   id        : KulerThemes
   version   : 
   vqmver    : 
   author    : kulerthemes.com

File Name    : catalog/controller/module/kuler_cp.php(0)
VQModObject::applyMod - SEARCH NOT FOUND (ABORTING MOD): $this->overrideResponse();

----------------------------------------------------------------------


---------- Date: 2014-09-04 13:40:05 ~ IP : 131.211.196.237 ----------
REQUEST URI : /start/2/index.php?route=checkout/cart/country&amp;country_id=222
MOD DETAILS:
   modFile   : /home/kladmin/public_html/demo.kulerthemes/start/2/vqmod/xml/vqmod_kuler.xml
   id        : KulerThemes
   version   : 
   vqmver    : 
   author    : kulerthemes.com

File Name    : catalog/controller/module/kuler_cp.php(0)
VQModObject::applyMod - SEARCH NOT FOUND (ABORTING MOD): $this->overrideResponse();

----------------------------------------------------------------------


---------- Date: 2014-09-04 13:42:47 ~ IP : 87.213.27.6 ----------
REQUEST URI : /start/2/index.php?route=common/home
MOD DETAILS:
   modFile   : /home/kladmin/public_html/demo.kulerthemes/start/2/vqmod/xml/vqmod_kuler.xml
   id        : KulerThemes
   version   : 
   vqmver    : 
   author    : kulerthemes.com

File Name    : catalog/controller/module/kuler_cp.php(0)
VQModObject::applyMod - SEARCH NOT FOUND (ABORTING MOD): $this->overrideResponse();

----------------------------------------------------------------------


---------- Date: 2014-09-04 13:44:39 ~ IP : 81.23.116.142 ----------
REQUEST URI : /start/2/index.php?route=common/home
MOD DETAILS:
   modFile   : /home/kladmin/public_html/demo.kulerthemes/start/2/vqmod/xml/vqmod_kuler.xml
   id        : KulerThemes
   version   : 
   vqmver    : 
   author    : kulerthemes.com

File Name    : catalog/controller/module/kuler_cp.php(0)
VQModObject::applyMod - SEARCH NOT FOUND (ABORTING MOD): $this->overrideResponse();

----------------------------------------------------------------------


---------- Date: 2014-09-04 13:45:47 ~ IP : 131.211.196.237 ----------
REQUEST URI : /start/2/index.php?route=common/home
MOD DETAILS:
   modFile   : /home/kladmin/public_html/demo.kulerthemes/start/2/vqmod/xml/vqmod_kuler.xml
   id        : KulerThemes
   version   : 
   vqmver    : 
   author    : kulerthemes.com

File Name    : catalog/controller/module/kuler_cp.php(0)
VQModObject::applyMod - SEARCH NOT FOUND (ABORTING MOD): $this->overrideResponse();

----------------------------------------------------------------------


---------- Date: 2014-09-04 13:46:13 ~ IP : 131.211.196.237 ----------
REQUEST URI : /start/2/index.php?route=common/home
MOD DETAILS:
   modFile   : /home/kladmin/public_html/demo.kulerthemes/start/2/vqmod/xml/vqmod_kuler.xml
   id        : KulerThemes
   version   : 
   vqmver    : 
   author    : kulerthemes.com

File Name    : catalog/controller/module/kuler_cp.php(0)
VQModObject::applyMod - SEARCH NOT FOUND (ABORTING MOD): $this->overrideResponse();

----------------------------------------------------------------------


---------- Date: 2014-09-04 13:46:37 ~ IP : 84.24.244.13 ----------
REQUEST URI : /start/2/index.php?route=common/home
MOD DETAILS:
   modFile   : /home/kladmin/public_html/demo.kulerthemes/start/2/vqmod/xml/vqmod_kuler.xml
   id        : KulerThemes
   version   : 
   vqmver    : 
   author    : kulerthemes.com

File Name    : catalog/controller/module/kuler_cp.php(0)
VQModObject::applyMod - SEARCH NOT FOUND (ABORTING MOD): $this->overrideResponse();

----------------------------------------------------------------------


---------- Date: 2014-09-04 13:46:50 ~ IP : 84.24.244.13 ----------
REQUEST URI : /start/2/index.php?route=module/kuler_cp/quick_view&amp;product_id=72
MOD DETAILS:
   modFile   : /home/kladmin/public_html/demo.kulerthemes/start/2/vqmod/xml/vqmod_kuler.xml
   id        : KulerThemes
   version   : 
   vqmver    : 
   author    : kulerthemes.com

File Name    : catalog/controller/module/kuler_cp.php(0)
VQModObject::applyMod - SEARCH NOT FOUND (ABORTING MOD): $this->overrideResponse();

----------------------------------------------------------------------


---------- Date: 2014-09-04 13:46:59 ~ IP : 84.24.244.13 ----------
REQUEST URI : /start/2/index.php?route=product/product&amp;product_id=71
MOD DETAILS:
   modFile   : /home/kladmin/public_html/demo.kulerthemes/start/2/vqmod/xml/vqmod_kuler.xml
   id        : KulerThemes
   version   : 
   vqmver    : 
   author    : kulerthemes.com

File Name    : catalog/controller/module/kuler_cp.php(0)
VQModObject::applyMod - SEARCH NOT FOUND (ABORTING MOD): $this->overrideResponse();

----------------------------------------------------------------------


---------- Date: 2014-09-04 13:47:00 ~ IP : 84.24.244.13 ----------
REQUEST URI : /start/2/index.php?route=product/product/captcha
MOD DETAILS:
   modFile   : /home/kladmin/public_html/demo.kulerthemes/start/2/vqmod/xml/vqmod_kuler.xml
   id        : KulerThemes
   version   : 
   vqmver    : 
   author    : kulerthemes.com

File Name    : catalog/controller/module/kuler_cp.php(0)
VQModObject::applyMod - SEARCH NOT FOUND (ABORTING MOD): $this->overrideResponse();

----------------------------------------------------------------------


---------- Date: 2014-09-04 13:47:00 ~ IP : 84.24.244.13 ----------
REQUEST URI : /start/2/index.php?route=product/product/review&amp;product_id=71
MOD DETAILS:
   modFile   : /home/kladmin/public_html/demo.kulerthemes/start/2/vqmod/xml/vqmod_kuler.xml
   id        : KulerThemes
   version   : 
   vqmver    : 
   author    : kulerthemes.com

File Name    : catalog/controller/module/kuler_cp.php(0)
VQModObject::applyMod - SEARCH NOT FOUND (ABORTING MOD): $this->overrideResponse();

----------------------------------------------------------------------


---------- Date: 2014-09-04 13:47:45 ~ IP : 84.24.244.13 ----------
REQUEST URI : /start/2/index.php?route=module/kuler_cp/quick_view&amp;product_id=65
MOD DETAILS:
   modFile   : /home/kladmin/public_html/demo.kulerthemes/start/2/vqmod/xml/vqmod_kuler.xml
   id        : KulerThemes
   version   : 
   vqmver    : 
   author    : kulerthemes.com

File Name    : catalog/controller/module/kuler_cp.php(0)
VQModObject::applyMod - SEARCH NOT FOUND (ABORTING MOD): $this->overrideResponse();

----------------------------------------------------------------------


---------- Date: 2014-09-04 13:50:53 ~ IP : 37.58.100.186 ----------
REQUEST URI : /start/2/index.php?route=module/kbm/article&amp;kbm_article_id=9
MOD DETAILS:
   modFile   : /home/kladmin/public_html/demo.kulerthemes/start/2/vqmod/xml/vqmod_kuler.xml
   id        : KulerThemes
   version   : 
   vqmver    : 
   author    : kulerthemes.com

File Name    : catalog/controller/module/kuler_cp.php(0)
VQModObject::applyMod - SEARCH NOT FOUND (ABORTING MOD): $this->overrideResponse();

----------------------------------------------------------------------


---------- Date: 2014-09-04 13:51:59 ~ IP : 84.24.244.13 ----------
REQUEST URI : /start/2/index.php?route=common/home
MOD DETAILS:
   modFile   : /home/kladmin/public_html/demo.kulerthemes/start/2/vqmod/xml/vqmod_kuler.xml
   id        : KulerThemes
   version   : 
   vqmver    : 
   author    : kulerthemes.com

File Name    : catalog/controller/module/kuler_cp.php(0)
VQModObject::applyMod - SEARCH NOT FOUND (ABORTING MOD): $this->overrideResponse();

----------------------------------------------------------------------


---------- Date: 2014-09-04 13:56:01 ~ IP : 83.31.98.76 ----------
REQUEST URI : /start/2/index.php?route=common/home
MOD DETAILS:
   modFile   : /home/kladmin/public_html/demo.kulerthemes/start/2/vqmod/xml/vqmod_kuler.xml
   id        : KulerThemes
   version   : 
   vqmver    : 
   author    : kulerthemes.com

File Name    : catalog/controller/module/kuler_cp.php(0)
VQModObject::applyMod - SEARCH NOT FOUND (ABORTING MOD): $this->overrideResponse();

----------------------------------------------------------------------


---------- Date: 2014-09-04 14:04:39 ~ IP : 37.58.100.90 ----------
REQUEST URI : /start/2/index.php?route=product/product&amp;manufacturer_id=12&amp;product_id=52
MOD DETAILS:
   modFile   : /home/kladmin/public_html/demo.kulerthemes/start/2/vqmod/xml/vqmod_kuler.xml
   id        : KulerThemes
   version   : 
   vqmver    : 
   author    : kulerthemes.com

File Name    : catalog/controller/module/kuler_cp.php(0)
VQModObject::applyMod - SEARCH NOT FOUND (ABORTING MOD): $this->overrideResponse();

----------------------------------------------------------------------


---------- Date: 2014-09-04 14:07:07 ~ IP : 183.82.4.87 ----------
REQUEST URI : /start/2/?style_customization=1
MOD DETAILS:
   modFile   : /home/kladmin/public_html/demo.kulerthemes/start/2/vqmod/xml/vqmod_kuler.xml
   id        : KulerThemes
   version   : 
   vqmver    : 
   author    : kulerthemes.com

File Name    : catalog/controller/module/kuler_cp.php(0)
VQModObject::applyMod - SEARCH NOT FOUND (ABORTING MOD): $this->overrideResponse();

----------------------------------------------------------------------


---------- Date: 2014-09-04 14:07:31 ~ IP : 183.82.4.87 ----------
REQUEST URI : /start/2/index.php?route=common/home
MOD DETAILS:
   modFile   : /home/kladmin/public_html/demo.kulerthemes/start/2/vqmod/xml/vqmod_kuler.xml
   id        : KulerThemes
   version   : 
   vqmver    : 
   author    : kulerthemes.com

File Name    : catalog/controller/module/kuler_cp.php(0)
VQModObject::applyMod - SEARCH NOT FOUND (ABORTING MOD): $this->overrideResponse();

----------------------------------------------------------------------


---------- Date: 2014-09-04 14:07:35 ~ IP : 122.178.207.19 ----------
REQUEST URI : /start/2/index.php?route=common/home
MOD DETAILS:
   modFile   : /home/kladmin/public_html/demo.kulerthemes/start/2/vqmod/xml/vqmod_kuler.xml
   id        : KulerThemes
   version   : 
   vqmver    : 
   author    : kulerthemes.com

File Name    : catalog/controller/module/kuler_cp.php(0)
VQModObject::applyMod - SEARCH NOT FOUND (ABORTING MOD): $this->overrideResponse();

----------------------------------------------------------------------


---------- Date: 2014-09-04 14:07:45 ~ IP : 183.82.4.87 ----------
REQUEST URI : /start/2/index.php?route=module/kuler_cp/quick_view&amp;product_id=86
MOD DETAILS:
   modFile   : /home/kladmin/public_html/demo.kulerthemes/start/2/vqmod/xml/vqmod_kuler.xml
   id        : KulerThemes
   version   : 
   vqmver    : 
   author    : kulerthemes.com

File Name    : catalog/controller/module/kuler_cp.php(0)
VQModObject::applyMod - SEARCH NOT FOUND (ABORTING MOD): $this->overrideResponse();

----------------------------------------------------------------------


---------- Date: 2014-09-04 14:10:02 ~ IP : 37.58.100.146 ----------
REQUEST URI : /start/2/index.php?route=product/category&amp;path=84_88
MOD DETAILS:
   modFile   : /home/kladmin/public_html/demo.kulerthemes/start/2/vqmod/xml/vqmod_kuler.xml
   id        : KulerThemes
   version   : 
   vqmver    : 
   author    : kulerthemes.com

File Name    : catalog/controller/module/kuler_cp.php(0)
VQModObject::applyMod - SEARCH NOT FOUND (ABORTING MOD): $this->overrideResponse();

----------------------------------------------------------------------


---------- Date: 2014-09-04 14:34:14 ~ IP : 37.58.100.146 ----------
REQUEST URI : /start/2/index.php?route=product/category&amp;path=59&amp;page=1
MOD DETAILS:
   modFile   : /home/kladmin/public_html/demo.kulerthemes/start/2/vqmod/xml/vqmod_kuler.xml
   id        : KulerThemes
   version   : 
   vqmver    : 
   author    : kulerthemes.com

File Name    : catalog/controller/module/kuler_cp.php(0)
VQModObject::applyMod - SEARCH NOT FOUND (ABORTING MOD): $this->overrideResponse();

----------------------------------------------------------------------


---------- Date: 2014-09-04 14:39:00 ~ IP : 37.58.100.158 ----------
REQUEST URI : /start/2/index.php?route=product/category&amp;path=67_68
MOD DETAILS:
   modFile   : /home/kladmin/public_html/demo.kulerthemes/start/2/vqmod/xml/vqmod_kuler.xml
   id        : KulerThemes
   version   : 
   vqmver    : 
   author    : kulerthemes.com

File Name    : catalog/controller/module/kuler_cp.php(0)
VQModObject::applyMod - SEARCH NOT FOUND (ABORTING MOD): $this->overrideResponse();

----------------------------------------------------------------------


---------- Date: 2014-09-04 14:54:28 ~ IP : 119.247.150.109 ----------
REQUEST URI : /start/2/index.php?route=common/home
MOD DETAILS:
   modFile   : /home/kladmin/public_html/demo.kulerthemes/start/2/vqmod/xml/vqmod_kuler.xml
   id        : KulerThemes
   version   : 
   vqmver    : 
   author    : kulerthemes.com

File Name    : catalog/controller/module/kuler_cp.php(0)
VQModObject::applyMod - SEARCH NOT FOUND (ABORTING MOD): $this->overrideResponse();

----------------------------------------------------------------------


---------- Date: 2014-09-04 14:54:50 ~ IP : 119.247.150.109 ----------
REQUEST URI : /start/2/index.php?route=product/compare/add
MOD DETAILS:
   modFile   : /home/kladmin/public_html/demo.kulerthemes/start/2/vqmod/xml/vqmod_kuler.xml
   id        : KulerThemes
   version   : 
   vqmver    : 
   author    : kulerthemes.com

File Name    : catalog/controller/module/kuler_cp.php(0)
VQModObject::applyMod - SEARCH NOT FOUND (ABORTING MOD): $this->overrideResponse();

----------------------------------------------------------------------


---------- Date: 2014-09-04 14:54:58 ~ IP : 119.247.150.109 ----------
REQUEST URI : /start/2/index.php?route=checkout/cart/add
MOD DETAILS:
   modFile   : /home/kladmin/public_html/demo.kulerthemes/start/2/vqmod/xml/vqmod_kuler.xml
   id        : KulerThemes
   version   : 
   vqmver    : 
   author    : kulerthemes.com

File Name    : catalog/controller/module/kuler_cp.php(0)
VQModObject::applyMod - SEARCH NOT FOUND (ABORTING MOD): $this->overrideResponse();

----------------------------------------------------------------------


---------- Date: 2014-09-04 14:55:02 ~ IP : 119.247.150.109 ----------
REQUEST URI : /start/2/index.php?route=product/compare/add
MOD DETAILS:
   modFile   : /home/kladmin/public_html/demo.kulerthemes/start/2/vqmod/xml/vqmod_kuler.xml
   id        : KulerThemes
   version   : 
   vqmver    : 
   author    : kulerthemes.com

File Name    : catalog/controller/module/kuler_cp.php(0)
VQModObject::applyMod - SEARCH NOT FOUND (ABORTING MOD): $this->overrideResponse();

----------------------------------------------------------------------


---------- Date: 2014-09-04 14:55:04 ~ IP : 119.247.150.109 ----------
REQUEST URI : /start/2/index.php?route=account/wishlist/add
MOD DETAILS:
   modFile   : /home/kladmin/public_html/demo.kulerthemes/start/2/vqmod/xml/vqmod_kuler.xml
   id        : KulerThemes
   version   : 
   vqmver    : 
   author    : kulerthemes.com

File Name    : catalog/controller/module/kuler_cp.php(0)
VQModObject::applyMod - SEARCH NOT FOUND (ABORTING MOD): $this->overrideResponse();

----------------------------------------------------------------------


---------- Date: 2014-09-04 14:55:13 ~ IP : 119.247.150.109 ----------
REQUEST URI : /start/2/index.php?route=module/kuler_cp/quick_view&amp;product_id=61
MOD DETAILS:
   modFile   : /home/kladmin/public_html/demo.kulerthemes/start/2/vqmod/xml/vqmod_kuler.xml
   id        : KulerThemes
   version   : 
   vqmver    : 
   author    : kulerthemes.com

File Name    : catalog/controller/module/kuler_cp.php(0)
VQModObject::applyMod - SEARCH NOT FOUND (ABORTING MOD): $this->overrideResponse();

----------------------------------------------------------------------


---------- Date: 2014-09-04 14:55:17 ~ IP : 119.247.150.109 ----------
REQUEST URI : /start/2/index.php?route=product/product&amp;product_id=61
MOD DETAILS:
   modFile   : /home/kladmin/public_html/demo.kulerthemes/start/2/vqmod/xml/vqmod_kuler.xml
   id        : KulerThemes
   version   : 
   vqmver    : 
   author    : kulerthemes.com

File Name    : catalog/controller/module/kuler_cp.php(0)
VQModObject::applyMod - SEARCH NOT FOUND (ABORTING MOD): $this->overrideResponse();

----------------------------------------------------------------------


---------- Date: 2014-09-04 14:55:19 ~ IP : 119.247.150.109 ----------
REQUEST URI : /start/2/index.php?route=product/product/captcha
MOD DETAILS:
   modFile   : /home/kladmin/public_html/demo.kulerthemes/start/2/vqmod/xml/vqmod_kuler.xml
   id        : KulerThemes
   version   : 
   vqmver    : 
   author    : kulerthemes.com

File Name    : catalog/controller/module/kuler_cp.php(0)
VQModObject::applyMod - SEARCH NOT FOUND (ABORTING MOD): $this->overrideResponse();

----------------------------------------------------------------------


---------- Date: 2014-09-04 14:55:19 ~ IP : 119.247.150.109 ----------
REQUEST URI : /start/2/index.php?route=product/product/review&amp;product_id=61
MOD DETAILS:
   modFile   : /home/kladmin/public_html/demo.kulerthemes/start/2/vqmod/xml/vqmod_kuler.xml
   id        : KulerThemes
   version   : 
   vqmver    : 
   author    : kulerthemes.com

File Name    : catalog/controller/module/kuler_cp.php(0)
VQModObject::applyMod - SEARCH NOT FOUND (ABORTING MOD): $this->overrideResponse();

----------------------------------------------------------------------


---------- Date: 2014-09-04 14:55:27 ~ IP : 119.247.150.109 ----------
REQUEST URI : /start/2/index.php?route=checkout/cart/add
MOD DETAILS:
   modFile   : /home/kladmin/public_html/demo.kulerthemes/start/2/vqmod/xml/vqmod_kuler.xml
   id        : KulerThemes
   version   : 
   vqmver    : 
   author    : kulerthemes.com

File Name    : catalog/controller/module/kuler_cp.php(0)
VQModObject::applyMod - SEARCH NOT FOUND (ABORTING MOD): $this->overrideResponse();

----------------------------------------------------------------------


---------- Date: 2014-09-04 14:55:36 ~ IP : 119.247.150.109 ----------
REQUEST URI : /start/2/index.php?route=common/home
MOD DETAILS:
   modFile   : /home/kladmin/public_html/demo.kulerthemes/start/2/vqmod/xml/vqmod_kuler.xml
   id        : KulerThemes
   version   : 
   vqmver    : 
   author    : kulerthemes.com

File Name    : catalog/controller/module/kuler_cp.php(0)
VQModObject::applyMod - SEARCH NOT FOUND (ABORTING MOD): $this->overrideResponse();

----------------------------------------------------------------------


---------- Date: 2014-09-04 14:56:10 ~ IP : 119.247.150.109 ----------
REQUEST URI : /start/2/index.php?route=module/kuler_cp/quick_view&amp;product_id=65
MOD DETAILS:
   modFile   : /home/kladmin/public_html/demo.kulerthemes/start/2/vqmod/xml/vqmod_kuler.xml
   id        : KulerThemes
   version   : 
   vqmver    : 
   author    : kulerthemes.com

File Name    : catalog/controller/module/kuler_cp.php(0)
VQModObject::applyMod - SEARCH NOT FOUND (ABORTING MOD): $this->overrideResponse();

----------------------------------------------------------------------


---------- Date: 2014-09-04 14:56:19 ~ IP : 119.247.150.109 ----------
REQUEST URI : /start/2/index.php?route=product/product&amp;product_id=65
MOD DETAILS:
   modFile   : /home/kladmin/public_html/demo.kulerthemes/start/2/vqmod/xml/vqmod_kuler.xml
   id        : KulerThemes
   version   : 
   vqmver    : 
   author    : kulerthemes.com

File Name    : catalog/controller/module/kuler_cp.php(0)
VQModObject::applyMod - SEARCH NOT FOUND (ABORTING MOD): $this->overrideResponse();

----------------------------------------------------------------------


---------- Date: 2014-09-04 14:56:19 ~ IP : 119.247.150.109 ----------
REQUEST URI : /start/2/index.php?route=product/product/captcha
MOD DETAILS:
   modFile   : /home/kladmin/public_html/demo.kulerthemes/start/2/vqmod/xml/vqmod_kuler.xml
   id        : KulerThemes
   version   : 
   vqmver    : 
   author    : kulerthemes.com

File Name    : catalog/controller/module/kuler_cp.php(0)
VQModObject::applyMod - SEARCH NOT FOUND (ABORTING MOD): $this->overrideResponse();

----------------------------------------------------------------------


---------- Date: 2014-09-04 14:56:20 ~ IP : 119.247.150.109 ----------
REQUEST URI : /start/2/index.php?route=product/product/review&amp;product_id=65
MOD DETAILS:
   modFile   : /home/kladmin/public_html/demo.kulerthemes/start/2/vqmod/xml/vqmod_kuler.xml
   id        : KulerThemes
   version   : 
   vqmver    : 
   author    : kulerthemes.com

File Name    : catalog/controller/module/kuler_cp.php(0)
VQModObject::applyMod - SEARCH NOT FOUND (ABORTING MOD): $this->overrideResponse();

----------------------------------------------------------------------


---------- Date: 2014-09-04 14:56:28 ~ IP : 119.247.150.109 ----------
REQUEST URI : /start/2/index.php?route=common/home
MOD DETAILS:
   modFile   : /home/kladmin/public_html/demo.kulerthemes/start/2/vqmod/xml/vqmod_kuler.xml
   id        : KulerThemes
   version   : 
   vqmver    : 
   author    : kulerthemes.com

File Name    : catalog/controller/module/kuler_cp.php(0)
VQModObject::applyMod - SEARCH NOT FOUND (ABORTING MOD): $this->overrideResponse();

----------------------------------------------------------------------


---------- Date: 2014-09-04 14:56:41 ~ IP : 119.247.150.109 ----------
REQUEST URI : /start/2/index.php?route=product/product&amp;product_id=65
MOD DETAILS:
   modFile   : /home/kladmin/public_html/demo.kulerthemes/start/2/vqmod/xml/vqmod_kuler.xml
   id        : KulerThemes
   version   : 
   vqmver    : 
   author    : kulerthemes.com

File Name    : catalog/controller/module/kuler_cp.php(0)
VQModObject::applyMod - SEARCH NOT FOUND (ABORTING MOD): $this->overrideResponse();

----------------------------------------------------------------------


---------- Date: 2014-09-04 14:56:41 ~ IP : 119.247.150.109 ----------
REQUEST URI : /start/2/index.php?route=product/product/review&amp;product_id=65
MOD DETAILS:
   modFile   : /home/kladmin/public_html/demo.kulerthemes/start/2/vqmod/xml/vqmod_kuler.xml
   id        : KulerThemes
   version   : 
   vqmver    : 
   author    : kulerthemes.com

File Name    : catalog/controller/module/kuler_cp.php(0)
VQModObject::applyMod - SEARCH NOT FOUND (ABORTING MOD): $this->overrideResponse();

----------------------------------------------------------------------


---------- Date: 2014-09-04 14:56:43 ~ IP : 119.247.150.109 ----------
REQUEST URI : /start/2/index.php?route=common/home
MOD DETAILS:
   modFile   : /home/kladmin/public_html/demo.kulerthemes/start/2/vqmod/xml/vqmod_kuler.xml
   id        : KulerThemes
   version   : 
   vqmver    : 
   author    : kulerthemes.com

File Name    : catalog/controller/module/kuler_cp.php(0)
VQModObject::applyMod - SEARCH NOT FOUND (ABORTING MOD): $this->overrideResponse();

----------------------------------------------------------------------


---------- Date: 2014-09-04 14:56:45 ~ IP : 119.247.150.109 ----------
REQUEST URI : /start/2/index.php?route=product/product&amp;product_id=61
MOD DETAILS:
   modFile   : /home/kladmin/public_html/demo.kulerthemes/start/2/vqmod/xml/vqmod_kuler.xml
   id        : KulerThemes
   version   : 
   vqmver    : 
   author    : kulerthemes.com

File Name    : catalog/controller/module/kuler_cp.php(0)
VQModObject::applyMod - SEARCH NOT FOUND (ABORTING MOD): $this->overrideResponse();

----------------------------------------------------------------------


---------- Date: 2014-09-04 14:56:46 ~ IP : 119.247.150.109 ----------
REQUEST URI : /start/2/index.php?route=product/product/review&amp;product_id=61
MOD DETAILS:
   modFile   : /home/kladmin/public_html/demo.kulerthemes/start/2/vqmod/xml/vqmod_kuler.xml
   id        : KulerThemes
   version   : 
   vqmver    : 
   author    : kulerthemes.com

File Name    : catalog/controller/module/kuler_cp.php(0)
VQModObject::applyMod - SEARCH NOT FOUND (ABORTING MOD): $this->overrideResponse();

----------------------------------------------------------------------


---------- Date: 2014-09-04 15:07:56 ~ IP : 89.155.184.14 ----------
REQUEST URI : /start/2/index.php?route=common/home
MOD DETAILS:
   modFile   : /home/kladmin/public_html/demo.kulerthemes/start/2/vqmod/xml/vqmod_kuler.xml
   id        : KulerThemes
   version   : 
   vqmver    : 
   author    : kulerthemes.com

File Name    : catalog/controller/module/kuler_cp.php(0)
VQModObject::applyMod - SEARCH NOT FOUND (ABORTING MOD): $this->overrideResponse();

----------------------------------------------------------------------


---------- Date: 2014-09-04 15:35:39 ~ IP : 85.170.205.151 ----------
REQUEST URI : /start/2/index.php?route=common/home
MOD DETAILS:
   modFile   : /home/kladmin/public_html/demo.kulerthemes/start/2/vqmod/xml/vqmod_kuler.xml
   id        : KulerThemes
   version   : 
   vqmver    : 
   author    : kulerthemes.com

File Name    : catalog/controller/module/kuler_cp.php(0)
VQModObject::applyMod - SEARCH NOT FOUND (ABORTING MOD): $this->overrideResponse();

----------------------------------------------------------------------


---------- Date: 2014-09-04 15:35:48 ~ IP : 85.170.205.151 ----------
REQUEST URI : /start/2/index.php?route=module/kuler_cp/quick_view&amp;product_id=89
MOD DETAILS:
   modFile   : /home/kladmin/public_html/demo.kulerthemes/start/2/vqmod/xml/vqmod_kuler.xml
   id        : KulerThemes
   version   : 
   vqmver    : 
   author    : kulerthemes.com

File Name    : catalog/controller/module/kuler_cp.php(0)
VQModObject::applyMod - SEARCH NOT FOUND (ABORTING MOD): $this->overrideResponse();

----------------------------------------------------------------------


---------- Date: 2014-09-04 15:35:50 ~ IP : 85.170.205.151 ----------
REQUEST URI : /start/2/index.php?route=checkout/cart/add
MOD DETAILS:
   modFile   : /home/kladmin/public_html/demo.kulerthemes/start/2/vqmod/xml/vqmod_kuler.xml
   id        : KulerThemes
   version   : 
   vqmver    : 
   author    : kulerthemes.com

File Name    : catalog/controller/module/kuler_cp.php(0)
VQModObject::applyMod - SEARCH NOT FOUND (ABORTING MOD): $this->overrideResponse();

----------------------------------------------------------------------


---------- Date: 2014-09-04 15:55:23 ~ IP : 89.155.184.14 ----------
REQUEST URI : /start/2/index.php?route=product/compare/add
MOD DETAILS:
   modFile   : /home/kladmin/public_html/demo.kulerthemes/start/2/vqmod/xml/vqmod_kuler.xml
   id        : KulerThemes
   version   : 
   vqmver    : 
   author    : kulerthemes.com

File Name    : catalog/controller/module/kuler_cp.php(0)
VQModObject::applyMod - SEARCH NOT FOUND (ABORTING MOD): $this->overrideResponse();

----------------------------------------------------------------------


---------- Date: 2014-09-04 15:58:47 ~ IP : 89.155.184.14 ----------
REQUEST URI : /start/2/index.php?route=module/kuler_cp/quick_view&amp;product_id=88
MOD DETAILS:
   modFile   : /home/kladmin/public_html/demo.kulerthemes/start/2/vqmod/xml/vqmod_kuler.xml
   id        : KulerThemes
   version   : 
   vqmver    : 
   author    : kulerthemes.com

File Name    : catalog/controller/module/kuler_cp.php(0)
VQModObject::applyMod - SEARCH NOT FOUND (ABORTING MOD): $this->overrideResponse();

----------------------------------------------------------------------


---------- Date: 2014-09-04 16:02:30 ~ IP : 72.80.21.66 ----------
REQUEST URI : /start/2/index.php?route=common/home
MOD DETAILS:
   modFile   : /home/kladmin/public_html/demo.kulerthemes/start/2/vqmod/xml/vqmod_kuler.xml
   id        : KulerThemes
   version   : 
   vqmver    : 
   author    : kulerthemes.com

File Name    : catalog/controller/module/kuler_cp.php(0)
VQModObject::applyMod - SEARCH NOT FOUND (ABORTING MOD): $this->overrideResponse();

----------------------------------------------------------------------


---------- Date: 2014-09-04 16:06:36 ~ IP : 188.216.133.58 ----------
REQUEST URI : /start/2/index.php?route=common/home
MOD DETAILS:
   modFile   : /home/kladmin/public_html/demo.kulerthemes/start/2/vqmod/xml/vqmod_kuler.xml
   id        : KulerThemes
   version   : 
   vqmver    : 
   author    : kulerthemes.com

File Name    : catalog/controller/module/kuler_cp.php(0)
VQModObject::applyMod - SEARCH NOT FOUND (ABORTING MOD): $this->overrideResponse();

----------------------------------------------------------------------


---------- Date: 2014-09-04 16:09:58 ~ IP : 14.162.143.162 ----------
REQUEST URI : /start/2/index.php?route=common/home
MOD DETAILS:
   modFile   : /home/kladmin/public_html/demo.kulerthemes/start/2/vqmod/xml/vqmod_kuler.xml
   id        : KulerThemes
   version   : 
   vqmver    : 
   author    : kulerthemes.com

File Name    : catalog/controller/module/kuler_cp.php(0)
VQModObject::applyMod - SEARCH NOT FOUND (ABORTING MOD): $this->overrideResponse();

----------------------------------------------------------------------


---------- Date: 2014-09-04 16:11:14 ~ IP : 1.64.44.146 ----------
REQUEST URI : /start/2/?style_customization=1
MOD DETAILS:
   modFile   : /home/kladmin/public_html/demo.kulerthemes/start/2/vqmod/xml/vqmod_kuler.xml
   id        : KulerThemes
   version   : 
   vqmver    : 
   author    : kulerthemes.com

File Name    : catalog/controller/module/kuler_cp.php(0)
VQModObject::applyMod - SEARCH NOT FOUND (ABORTING MOD): $this->overrideResponse();

----------------------------------------------------------------------


---------- Date: 2014-09-04 16:12:38 ~ IP : 1.64.44.146 ----------
REQUEST URI : /start/2/?style_customization=1
MOD DETAILS:
   modFile   : /home/kladmin/public_html/demo.kulerthemes/start/2/vqmod/xml/vqmod_kuler.xml
   id        : KulerThemes
   version   : 
   vqmver    : 
   author    : kulerthemes.com

File Name    : catalog/controller/module/kuler_cp.php(0)
VQModObject::applyMod - SEARCH NOT FOUND (ABORTING MOD): $this->overrideResponse();

----------------------------------------------------------------------


---------- Date: 2014-09-04 16:38:07 ~ IP : 37.58.100.157 ----------
REQUEST URI : /start/2/index.php?route=product/product&amp;product_id=81
MOD DETAILS:
   modFile   : /home/kladmin/public_html/demo.kulerthemes/start/2/vqmod/xml/vqmod_kuler.xml
   id        : KulerThemes
   version   : 
   vqmver    : 
   author    : kulerthemes.com

File Name    : catalog/controller/module/kuler_cp.php(0)
VQModObject::applyMod - SEARCH NOT FOUND (ABORTING MOD): $this->overrideResponse();

----------------------------------------------------------------------


---------- Date: 2014-09-04 16:49:53 ~ IP : 172.247.39.230 ----------
REQUEST URI : /start/2/index.php?route=common/home
MOD DETAILS:
   modFile   : /home/kladmin/public_html/demo.kulerthemes/start/2/vqmod/xml/vqmod_kuler.xml
   id        : KulerThemes
   version   : 
   vqmver    : 
   author    : kulerthemes.com

File Name    : catalog/controller/module/kuler_cp.php(0)
VQModObject::applyMod - SEARCH NOT FOUND (ABORTING MOD): $this->overrideResponse();

----------------------------------------------------------------------


---------- Date: 2014-09-04 16:49:54 ~ IP : 180.153.214.191 ----------
REQUEST URI : /start/2/index.php?route=common/home
MOD DETAILS:
   modFile   : /home/kladmin/public_html/demo.kulerthemes/start/2/vqmod/xml/vqmod_kuler.xml
   id        : KulerThemes
   version   : 
   vqmver    : 
   author    : kulerthemes.com

File Name    : catalog/controller/module/kuler_cp.php(0)
VQModObject::applyMod - SEARCH NOT FOUND (ABORTING MOD): $this->overrideResponse();

----------------------------------------------------------------------


---------- Date: 2014-09-04 16:49:57 ~ IP : 180.153.214.191 ----------
REQUEST URI : /start/2/index.php?route=common/home
MOD DETAILS:
   modFile   : /home/kladmin/public_html/demo.kulerthemes/start/2/vqmod/xml/vqmod_kuler.xml
   id        : KulerThemes
   version   : 
   vqmver    : 
   author    : kulerthemes.com

File Name    : catalog/controller/module/kuler_cp.php(0)
VQModObject::applyMod - SEARCH NOT FOUND (ABORTING MOD): $this->overrideResponse();

----------------------------------------------------------------------


---------- Date: 2014-09-04 16:50:46 ~ IP : 172.247.39.230 ----------
REQUEST URI : /start/2/index.php?route=product/category&amp;path=59
MOD DETAILS:
   modFile   : /home/kladmin/public_html/demo.kulerthemes/start/2/vqmod/xml/vqmod_kuler.xml
   id        : KulerThemes
   version   : 
   vqmver    : 
   author    : kulerthemes.com

File Name    : catalog/controller/module/kuler_cp.php(0)
VQModObject::applyMod - SEARCH NOT FOUND (ABORTING MOD): $this->overrideResponse();

----------------------------------------------------------------------


---------- Date: 2014-09-04 16:50:46 ~ IP : 101.226.33.200 ----------
REQUEST URI : /start/2/index.php?route=product/category&amp;path=59
MOD DETAILS:
   modFile   : /home/kladmin/public_html/demo.kulerthemes/start/2/vqmod/xml/vqmod_kuler.xml
   id        : KulerThemes
   version   : 
   vqmver    : 
   author    : kulerthemes.com

File Name    : catalog/controller/module/kuler_cp.php(0)
VQModObject::applyMod - SEARCH NOT FOUND (ABORTING MOD): $this->overrideResponse();

----------------------------------------------------------------------


---------- Date: 2014-09-04 17:00:40 ~ IP : 49.0.104.60 ----------
REQUEST URI : /start/2/index.php?route=common/home
MOD DETAILS:
   modFile   : /home/kladmin/public_html/demo.kulerthemes/start/2/vqmod/xml/vqmod_kuler.xml
   id        : KulerThemes
   version   : 
   vqmver    : 
   author    : kulerthemes.com

File Name    : catalog/controller/module/kuler_cp.php(0)
VQModObject::applyMod - SEARCH NOT FOUND (ABORTING MOD): $this->overrideResponse();

----------------------------------------------------------------------


---------- Date: 2014-09-04 17:01:26 ~ IP : 49.0.104.60 ----------
REQUEST URI : /start/2/index.php?route=common/home
MOD DETAILS:
   modFile   : /home/kladmin/public_html/demo.kulerthemes/start/2/vqmod/xml/vqmod_kuler.xml
   id        : KulerThemes
   version   : 
   vqmver    : 
   author    : kulerthemes.com

File Name    : catalog/controller/module/kuler_cp.php(0)
VQModObject::applyMod - SEARCH NOT FOUND (ABORTING MOD): $this->overrideResponse();

----------------------------------------------------------------------


---------- Date: 2014-09-04 17:05:52 ~ IP : 37.58.100.139 ----------
REQUEST URI : /start/2/index.php?route=product/product&amp;product_id=77
MOD DETAILS:
   modFile   : /home/kladmin/public_html/demo.kulerthemes/start/2/vqmod/xml/vqmod_kuler.xml
   id        : KulerThemes
   version   : 
   vqmver    : 
   author    : kulerthemes.com

File Name    : catalog/controller/module/kuler_cp.php(0)
VQModObject::applyMod - SEARCH NOT FOUND (ABORTING MOD): $this->overrideResponse();

----------------------------------------------------------------------


---------- Date: 2014-09-04 17:30:24 ~ IP : 222.252.106.7 ----------
REQUEST URI : /start/2/
MOD DETAILS:
   modFile   : /home/kladmin/public_html/demo.kulerthemes/start/2/vqmod/xml/vqmod_kuler.xml
   id        : KulerThemes
   version   : 
   vqmver    : 
   author    : kulerthemes.com

File Name    : catalog/controller/module/kuler_cp.php(0)
VQModObject::applyMod - SEARCH NOT FOUND (ABORTING MOD): $this->overrideResponse();

----------------------------------------------------------------------


---------- Date: 2014-09-04 17:55:20 ~ IP : 85.106.123.71 ----------
REQUEST URI : /start/2/index.php?route=common/home
MOD DETAILS:
   modFile   : /home/kladmin/public_html/demo.kulerthemes/start/2/vqmod/xml/vqmod_kuler.xml
   id        : KulerThemes
   version   : 
   vqmver    : 
   author    : kulerthemes.com

File Name    : catalog/controller/module/kuler_cp.php(0)
VQModObject::applyMod - SEARCH NOT FOUND (ABORTING MOD): $this->overrideResponse();

----------------------------------------------------------------------


---------- Date: 2014-09-04 18:25:09 ~ IP : 37.58.100.186 ----------
REQUEST URI : /start/2/index.php?route=product/product&amp;product_id=66
MOD DETAILS:
   modFile   : /home/kladmin/public_html/demo.kulerthemes/start/2/vqmod/xml/vqmod_kuler.xml
   id        : KulerThemes
   version   : 
   vqmver    : 
   author    : kulerthemes.com

File Name    : catalog/controller/module/kuler_cp.php(0)
VQModObject::applyMod - SEARCH NOT FOUND (ABORTING MOD): $this->overrideResponse();

----------------------------------------------------------------------


---------- Date: 2014-09-04 19:08:19 ~ IP : 24.45.121.178 ----------
REQUEST URI : /start/2/index.php?route=common/home
MOD DETAILS:
   modFile   : /home/kladmin/public_html/demo.kulerthemes/start/2/vqmod/xml/vqmod_kuler.xml
   id        : KulerThemes
   version   : 
   vqmver    : 
   author    : kulerthemes.com

File Name    : catalog/controller/module/kuler_cp.php(0)
VQModObject::applyMod - SEARCH NOT FOUND (ABORTING MOD): $this->overrideResponse();

----------------------------------------------------------------------


---------- Date: 2014-09-04 19:58:01 ~ IP : 37.58.100.155 ----------
REQUEST URI : /start/2/index.php?route=product/product&amp;path=84_86&amp;product_id=59
MOD DETAILS:
   modFile   : /home/kladmin/public_html/demo.kulerthemes/start/2/vqmod/xml/vqmod_kuler.xml
   id        : KulerThemes
   version   : 
   vqmver    : 
   author    : kulerthemes.com

File Name    : catalog/controller/module/kuler_cp.php(0)
VQModObject::applyMod - SEARCH NOT FOUND (ABORTING MOD): $this->overrideResponse();

----------------------------------------------------------------------


---------- Date: 2014-09-04 20:40:02 ~ IP : 37.58.100.92 ----------
REQUEST URI : /start/2/index.php?route=product/category&amp;path=67_68_94
MOD DETAILS:
   modFile   : /home/kladmin/public_html/demo.kulerthemes/start/2/vqmod/xml/vqmod_kuler.xml
   id        : KulerThemes
   version   : 
   vqmver    : 
   author    : kulerthemes.com

File Name    : catalog/controller/module/kuler_cp.php(0)
VQModObject::applyMod - SEARCH NOT FOUND (ABORTING MOD): $this->overrideResponse();

----------------------------------------------------------------------


---------- Date: 2014-09-04 20:43:53 ~ IP : 37.58.100.168 ----------
REQUEST URI : /start/2/index.php?route=product/product&amp;product_id=89
MOD DETAILS:
   modFile   : /home/kladmin/public_html/demo.kulerthemes/start/2/vqmod/xml/vqmod_kuler.xml
   id        : KulerThemes
   version   : 
   vqmver    : 
   author    : kulerthemes.com

File Name    : catalog/controller/module/kuler_cp.php(0)
VQModObject::applyMod - SEARCH NOT FOUND (ABORTING MOD): $this->overrideResponse();

----------------------------------------------------------------------


---------- Date: 2014-09-04 20:46:59 ~ IP : 37.58.100.92 ----------
REQUEST URI : /start/2/index.php?route=product/product&amp;path=72&amp;product_id=54
MOD DETAILS:
   modFile   : /home/kladmin/public_html/demo.kulerthemes/start/2/vqmod/xml/vqmod_kuler.xml
   id        : KulerThemes
   version   : 
   vqmver    : 
   author    : kulerthemes.com

File Name    : catalog/controller/module/kuler_cp.php(0)
VQModObject::applyMod - SEARCH NOT FOUND (ABORTING MOD): $this->overrideResponse();

----------------------------------------------------------------------


---------- Date: 2014-09-04 20:57:49 ~ IP : 37.58.100.90 ----------
REQUEST URI : /start/2/index.php?route=product/category&amp;path=67_71
MOD DETAILS:
   modFile   : /home/kladmin/public_html/demo.kulerthemes/start/2/vqmod/xml/vqmod_kuler.xml
   id        : KulerThemes
   version   : 
   vqmver    : 
   author    : kulerthemes.com

File Name    : catalog/controller/module/kuler_cp.php(0)
VQModObject::applyMod - SEARCH NOT FOUND (ABORTING MOD): $this->overrideResponse();

----------------------------------------------------------------------


---------- Date: 2014-09-04 21:04:07 ~ IP : 37.58.100.155 ----------
REQUEST URI : /start/2/index.php?route=affiliate/login
MOD DETAILS:
   modFile   : /home/kladmin/public_html/demo.kulerthemes/start/2/vqmod/xml/vqmod_kuler.xml
   id        : KulerThemes
   version   : 
   vqmver    : 
   author    : kulerthemes.com

File Name    : catalog/controller/module/kuler_cp.php(0)
VQModObject::applyMod - SEARCH NOT FOUND (ABORTING MOD): $this->overrideResponse();

----------------------------------------------------------------------


---------- Date: 2014-09-04 21:13:27 ~ IP : 37.58.100.155 ----------
REQUEST URI : /start/2/index.php?route=product/search
MOD DETAILS:
   modFile   : /home/kladmin/public_html/demo.kulerthemes/start/2/vqmod/xml/vqmod_kuler.xml
   id        : KulerThemes
   version   : 
   vqmver    : 
   author    : kulerthemes.com

File Name    : catalog/controller/module/kuler_cp.php(0)
VQModObject::applyMod - SEARCH NOT FOUND (ABORTING MOD): $this->overrideResponse();

----------------------------------------------------------------------


---------- Date: 2014-09-04 21:46:24 ~ IP : 37.58.100.155 ----------
REQUEST URI : /start/2/index.php?route=product/product&amp;path=67_68&amp;product_id=56
MOD DETAILS:
   modFile   : /home/kladmin/public_html/demo.kulerthemes/start/2/vqmod/xml/vqmod_kuler.xml
   id        : KulerThemes
   version   : 
   vqmver    : 
   author    : kulerthemes.com

File Name    : catalog/controller/module/kuler_cp.php(0)
VQModObject::applyMod - SEARCH NOT FOUND (ABORTING MOD): $this->overrideResponse();

----------------------------------------------------------------------


---------- Date: 2014-09-04 21:51:19 ~ IP : 37.58.100.155 ----------
REQUEST URI : /start/2/index.php?route=product/product&amp;manufacturer_id=20&amp;product_id=61
MOD DETAILS:
   modFile   : /home/kladmin/public_html/demo.kulerthemes/start/2/vqmod/xml/vqmod_kuler.xml
   id        : KulerThemes
   version   : 
   vqmver    : 
   author    : kulerthemes.com

File Name    : catalog/controller/module/kuler_cp.php(0)
VQModObject::applyMod - SEARCH NOT FOUND (ABORTING MOD): $this->overrideResponse();

----------------------------------------------------------------------


---------- Date: 2014-09-04 22:03:54 ~ IP : 37.58.100.182 ----------
REQUEST URI : /start/2/index.php?route=account/forgotten
MOD DETAILS:
   modFile   : /home/kladmin/public_html/demo.kulerthemes/start/2/vqmod/xml/vqmod_kuler.xml
   id        : KulerThemes
   version   : 
   vqmver    : 
   author    : kulerthemes.com

File Name    : catalog/controller/module/kuler_cp.php(0)
VQModObject::applyMod - SEARCH NOT FOUND (ABORTING MOD): $this->overrideResponse();

----------------------------------------------------------------------


---------- Date: 2014-09-04 22:22:36 ~ IP : 37.58.100.92 ----------
REQUEST URI : /start/2/index.php?route=account/password
MOD DETAILS:
   modFile   : /home/kladmin/public_html/demo.kulerthemes/start/2/vqmod/xml/vqmod_kuler.xml
   id        : KulerThemes
   version   : 
   vqmver    : 
   author    : kulerthemes.com

File Name    : catalog/controller/module/kuler_cp.php(0)
VQModObject::applyMod - SEARCH NOT FOUND (ABORTING MOD): $this->overrideResponse();

----------------------------------------------------------------------


---------- Date: 2014-09-04 22:25:38 ~ IP : 37.58.100.92 ----------
REQUEST URI : /start/2/index.php?route=product/product&amp;path=67_68&amp;product_id=55
MOD DETAILS:
   modFile   : /home/kladmin/public_html/demo.kulerthemes/start/2/vqmod/xml/vqmod_kuler.xml
   id        : KulerThemes
   version   : 
   vqmver    : 
   author    : kulerthemes.com

File Name    : catalog/controller/module/kuler_cp.php(0)
VQModObject::applyMod - SEARCH NOT FOUND (ABORTING MOD): $this->overrideResponse();

----------------------------------------------------------------------


---------- Date: 2014-09-04 22:29:24 ~ IP : 37.58.100.155 ----------
REQUEST URI : /start/2/index.php?route=product/product&amp;manufacturer_id=21&amp;product_id=67
MOD DETAILS:
   modFile   : /home/kladmin/public_html/demo.kulerthemes/start/2/vqmod/xml/vqmod_kuler.xml
   id        : KulerThemes
   version   : 
   vqmver    : 
   author    : kulerthemes.com

File Name    : catalog/controller/module/kuler_cp.php(0)
VQModObject::applyMod - SEARCH NOT FOUND (ABORTING MOD): $this->overrideResponse();

----------------------------------------------------------------------


---------- Date: 2014-09-04 22:37:21 ~ IP : 37.58.100.155 ----------
REQUEST URI : /start/2/index.php?route=account/edit
MOD DETAILS:
   modFile   : /home/kladmin/public_html/demo.kulerthemes/start/2/vqmod/xml/vqmod_kuler.xml
   id        : KulerThemes
   version   : 
   vqmver    : 
   author    : kulerthemes.com

File Name    : catalog/controller/module/kuler_cp.php(0)
VQModObject::applyMod - SEARCH NOT FOUND (ABORTING MOD): $this->overrideResponse();

----------------------------------------------------------------------


---------- Date: 2014-09-04 22:44:30 ~ IP : 37.58.100.182 ----------
REQUEST URI : /start/2/index.php?route=product/product&amp;manufacturer_id=12&amp;product_id=85
MOD DETAILS:
   modFile   : /home/kladmin/public_html/demo.kulerthemes/start/2/vqmod/xml/vqmod_kuler.xml
   id        : KulerThemes
   version   : 
   vqmver    : 
   author    : kulerthemes.com

File Name    : catalog/controller/module/kuler_cp.php(0)
VQModObject::applyMod - SEARCH NOT FOUND (ABORTING MOD): $this->overrideResponse();

----------------------------------------------------------------------


